<?xml version="1.0" encoding="UTF-8"?>
<testng-results skipped="0" failed="0" ignored="0" total="1" passed="1">
  <reporter-output>
    <line>
      <![CDATA[Translation 'germany' - Status: 200 || <b><span style='color:green;'>✅ Passed</span></b>]]>
    </line>
    <line>
      <![CDATA[Translation 'germany' - Expected country name found || <b><span style='color:green;'>✅ Passed</span></b>]]>
    </line>
    <line>
      <![CDATA[Translation 'alemania' - Status: 200 || <b><span style='color:green;'>✅ Passed</span></b>]]>
    </line>
    <line>
      <![CDATA[Translation 'alemania' - Expected country name found || <b><span style='color:green;'>✅ Passed</span></b>]]>
    </line>
    <line>
      <![CDATA[Translation 'saksamaa' - Status: 200 || <b><span style='color:green;'>✅ Passed</span></b>]]>
    </line>
    <line>
      <![CDATA[Translation 'saksamaa' - Expected country name found || <b><span style='color:green;'>✅ Passed</span></b>]]>
    </line>
    <line>
      <![CDATA[Test results list validation || <b><span style='color:green;'>✅ Passed</span></b>]]>
    </line>
  </reporter-output>
  <suite name="Rest Assured Suite" duration-ms="16562" started-at="2025-02-12T20:38:01Z" finished-at="2025-02-12T20:38:18Z">
    <groups>
    </groups>
    <test name="Rest Assured Test" duration-ms="16562" started-at="2025-02-12T20:38:01Z" finished-at="2025-02-12T20:38:18Z">
      <class name="com.example.tests.RestAssuredTest">
        <test-method status="PASS" signature="getCountryTranslations()[pri:0, instance:com.example.tests.RestAssuredTest@4e04a765]" name="getCountryTranslations" duration-ms="16504" started-at="2025-02-12T20:38:01Z" finished-at="2025-02-12T20:38:18Z">
          <reporter-output>
            <line>
              <![CDATA[Translation 'germany' - Status: 200 || <b><span style='color:green;'>✅ Passed</span></b>]]>
            </line>
            <line>
              <![CDATA[Translation 'germany' - Expected country name found || <b><span style='color:green;'>✅ Passed</span></b>]]>
            </line>
            <line>
              <![CDATA[Translation 'alemania' - Status: 200 || <b><span style='color:green;'>✅ Passed</span></b>]]>
            </line>
            <line>
              <![CDATA[Translation 'alemania' - Expected country name found || <b><span style='color:green;'>✅ Passed</span></b>]]>
            </line>
            <line>
              <![CDATA[Translation 'saksamaa' - Status: 200 || <b><span style='color:green;'>✅ Passed</span></b>]]>
            </line>
            <line>
              <![CDATA[Translation 'saksamaa' - Expected country name found || <b><span style='color:green;'>✅ Passed</span></b>]]>
            </line>
          </reporter-output>
        </test-method> <!-- getCountryTranslations -->
        <test-method status="PASS" signature="verifyResults()[pri:0, instance:com.example.tests.RestAssuredTest@4e04a765]" name="verifyResults" is-config="true" duration-ms="5" started-at="2025-02-12T20:38:18Z" finished-at="2025-02-12T20:38:18Z">
          <reporter-output>
            <line>
              <![CDATA[Test results list validation || <b><span style='color:green;'>✅ Passed</span></b>]]>
            </line>
          </reporter-output>
        </test-method> <!-- verifyResults -->
      </class> <!-- com.example.tests.RestAssuredTest -->
    </test> <!-- Rest Assured Test -->
  </suite> <!-- Rest Assured Suite -->
</testng-results>
